g:\proyectosc++\poker_omaha\x64\debug\vc143.pdb
g:\proyectosc++\poker_omaha\x64\debug\vc143.idb
g:\proyectosc++\poker_omaha\x64\debug\main.obj
g:\proyectosc++\poker_omaha\x64\debug\trianglebutton.obj
g:\proyectosc++\poker_omaha\x64\debug\rectanglebutton.obj
g:\proyectosc++\poker_omaha\x64\debug\pokerbutton.obj
g:\proyectosc++\poker_omaha\x64\debug\poker.obj
g:\proyectosc++\poker_omaha\x64\debug\player.obj
g:\proyectosc++\poker_omaha\x64\debug\node.obj
g:\proyectosc++\poker_omaha\x64\debug\menu.obj
g:\proyectosc++\poker_omaha\x64\debug\list.obj
g:\proyectosc++\poker_omaha\x64\debug\deck.obj
g:\proyectosc++\poker_omaha\x64\debug\dealer.obj
g:\proyectosc++\poker_omaha\x64\debug\card.obj
g:\proyectosc++\poker_omaha\x64\debug\button.obj
g:\proyectosc++\poker_omaha\x64\debug\betsystem.obj
g:\proyectosc++\poker_omaha\x64\debug\game.obj
g:\proyectosc++\poker_omaha\x64\debug\pokeromahahi.obj
g:\proyectosc++\poker_omaha\x64\debug\pokeromahahi.pdb
g:\proyectosc++\poker_omaha\x64\debug\pokeromahahi.tlog\cl.command.1.tlog
g:\proyectosc++\poker_omaha\x64\debug\pokeromahahi.tlog\cl.items.tlog
g:\proyectosc++\poker_omaha\x64\debug\pokeromahahi.tlog\cl.read.1.tlog
g:\proyectosc++\poker_omaha\x64\debug\pokeromahahi.tlog\cl.write.1.tlog
g:\proyectosc++\poker_omaha\x64\debug\pokeromahahi.tlog\link.command.1.tlog
g:\proyectosc++\poker_omaha\x64\debug\pokeromahahi.tlog\link.read.1.tlog
g:\proyectosc++\poker_omaha\x64\debug\pokeromahahi.tlog\link.write.1.tlog
