  Poker.cpp
C:\Projects\proyectPoker\poker_omaha\Poker.cpp(203,65): warning C4244: 'argumento': conversión de 'int' a 'T'; posible pérdida de datos
          with
          [
              T=float
          ]
C:\Projects\proyectPoker\poker_omaha\Poker.cpp(203,44): warning C4244: 'argumento': conversión de 'int' a 'T'; posible pérdida de datos
          with
          [
              T=float
          ]
C:\Projects\proyectPoker\poker_omaha\Poker.cpp(236,65): warning C4244: 'argumento': conversión de 'int' a 'T'; posible pérdida de datos
          with
          [
              T=float
          ]
C:\Projects\proyectPoker\poker_omaha\Poker.cpp(236,44): warning C4244: 'argumento': conversión de 'int' a 'T'; posible pérdida de datos
          with
          [
              T=float
          ]
C:\Projects\proyectPoker\poker_omaha\Poker.cpp(254,21): warning C4244: 'inicializando': conversión de 'float' a 'int'; posible pérdida de datos
  PokerOmahaHi.vcxproj -> C:\Projects\proyectPoker\poker_omaha\x64\Debug\PokerOmahaHi.exe
